s1_mp3Player04/build/outputs/logs/manifest-merger-debug-report.txt
-- Merging decision tree log ---
manifest
ADDED from src\main\AndroidManifest.xml:2:1-20:12
	package
		ADDED from src\main\AndroidManifest.xml:3:2-26
		INJECTED from src\main\AndroidManifest.xml
		INJECTED from src\main\AndroidManifest.xml
	android:versionName
		ADDED from src\main\AndroidManifest.xml:3:51-76
		INJECTED from src\main\AndroidManifest.xml
		INJECTED from src\main\AndroidManifest.xml
	android:versionCode
		ADDED from src\main\AndroidManifest.xml:3:27-50
		INJECTED from src\main\AndroidManifest.xml
		INJECTED from src\main\AndroidManifest.xml
	xmlns:android
		ADDED from src\main\AndroidManifest.xml:2:11-69
application
ADDED from src\main\AndroidManifest.xml:4:2-15:16
	android:label
		ADDED from src\main\AndroidManifest.xml:4:45-77
	android:icon
		ADDED from src\main\AndroidManifest.xml:4:15-44
activity#mars.mp3player.MainActivity
ADDED from src\main\AndroidManifest.xml:5:3-10:14
	android:label
		ADDED from src\main\AndroidManifest.xml:5:42-74
	android:name
		ADDED from src\main\AndroidManifest.xml:5:13-41
intent-filter#android.intent.action.MAIN+android.intent.category.LAUNCHER
ADDED from src\main\AndroidManifest.xml:6:4-9:20
action#android.intent.action.MAIN
ADDED from src\main\AndroidManifest.xml:7:5-57
	android:name
		ADDED from src\main\AndroidManifest.xml:7:13-54
category#android.intent.category.LAUNCHER
ADDED from src\main\AndroidManifest.xml:8:5-65
	android:name
		ADDED from src\main\AndroidManifest.xml:8:15-62
activity#mars.mp3player.Mp3ListActivity
ADDED from src\main\AndroidManifest.xml:11:3-79
	android:label
		ADDED from src\main\AndroidManifest.xml:11:45-77
	android:name
		ADDED from src\main\AndroidManifest.xml:11:13-44
activity#mars.mp3player.LocalMp3ListActivity
ADDED from src\main\AndroidManifest.xml:12:3-84
	android:label
		ADDED from src\main\AndroidManifest.xml:12:50-82
	android:name
		ADDED from src\main\AndroidManifest.xml:12:13-49
activity#mars.mp3player.PlayerActivity
ADDED from src\main\AndroidManifest.xml:13:3-78
	android:label
		ADDED from src\main\AndroidManifest.xml:13:44-76
	android:name
		ADDED from src\main\AndroidManifest.xml:13:13-43
service#mars.mp3player.service.DownloadService
ADDED from src\main\AndroidManifest.xml:14:3-62
	android:name
		ADDED from src\main\AndroidManifest.xml:14:12-51
uses-sdk
ADDED from src\main\AndroidManifest.xml:16:2-40
	android:targetSdkVersion
		INJECTED from src\main\AndroidManifest.xml
		INJECTED from src\main\AndroidManifest.xml
	android:minSdkVersion
		ADDED from src\main\AndroidManifest.xml:16:12-37
		INJECTED from src\main\AndroidManifest.xml
		INJECTED from src\main\AndroidManifest.xml
uses-permission#android.permission.INTERNET
ADDED from src\main\AndroidManifest.xml:17:2-64
	android:name
		ADDED from src\main\AndroidManifest.xml:17:19-61
uses-permission#android.permission.WRITE_EXTERNAL_STORAGE
ADDED from src\main\AndroidManifest.xml:18:5-80
	android:name
		ADDED from src\main\AndroidManifest.xml:18:22-78